Using pre-set license
Built from '2020.3/release' branch; Version is '2020.3.15f2 (6cf78cb77498) revision 7141260'; Using compiler version '192528614'; Build Type 'Release'
OS: 'Windows 10 Home Single Language; OS build 19044.1415; Version 2009; 64bit' Language: 'tr' Physical Memory: 8051 MB
BatchMode: 1, IsHumanControllingUs: 0, StartBugReporterOnCrash: 0, Is64bit: 1, IsPro: 0

 COMMAND LINE ARGUMENTS:
C:\Program Files\Unity\Hub\Editor\2020.3.15f2\Editor\Unity.exe
-adb2
-batchMode
-noUpm
-name
AssetImportWorker0
-projectPath
C:/Users/PD/Desktop/Learning-C-8-by-Developing-Games-with-Unity-2020-master/Learning-C-8-by-Developing-Games-with-Unity-2020-master/MemoryG
-logFile
Logs/AssetImportWorker0.log
-srvPort
56845
Successfully changed project path to: C:/Users/PD/Desktop/Learning-C-8-by-Developing-Games-with-Unity-2020-master/Learning-C-8-by-Developing-Games-with-Unity-2020-master/MemoryG
C:/Users/PD/Desktop/Learning-C-8-by-Developing-Games-with-Unity-2020-master/Learning-C-8-by-Developing-Games-with-Unity-2020-master/MemoryG
Using Asset Import Pipeline V2.
Refreshing native plugins compatible for Editor in 42.59 ms, found 2 plugins.
Preloading 0 native plugins for Editor in 0.00 ms.
Initialize engine version: 2020.3.15f2 (6cf78cb77498)
[Subsystems] Discovering subsystems at path C:/Program Files/Unity/Hub/Editor/2020.3.15f2/Editor/Data/Resources/UnitySubsystems
[Subsystems] Discovering subsystems at path C:/Users/PD/Desktop/Learning-C-8-by-Developing-Games-with-Unity-2020-master/Learning-C-8-by-Developing-Games-with-Unity-2020-master/MemoryG/Assets
GfxDevice: creating device client; threaded=0
Direct3D:
    Version:  Direct3D 11.0 [level 11.1]
    Renderer: AMD Radeon (TM) R5 M330 (ID=0x6660)
    Vendor:   
    VRAM:     2039 MB
    Driver:   27.20.1034.6
Initialize mono
Mono path[0] = 'C:/Program Files/Unity/Hub/Editor/2020.3.15f2/Editor/Data/Managed'
Mono path[1] = 'C:/Program Files/Unity/Hub/Editor/2020.3.15f2/Editor/Data/MonoBleedingEdge/lib/mono/unityjit'
Mono config path = 'C:/Program Files/Unity/Hub/Editor/2020.3.15f2/Editor/Data/MonoBleedingEdge/etc'
Using monoOptions --debugger-agent=transport=dt_socket,embedding=1,server=y,suspend=n,address=127.0.0.1:56364
Begin MonoManager ReloadAssembly
Registering precompiled unity dll's ...
Register platform support module: C:/Program Files/Unity/Hub/Editor/2020.3.15f2/Editor/Data/PlaybackEngines/WindowsStandaloneSupport/UnityEditor.WindowsStandalone.Extensions.dll
Registered in 0.003095 seconds.
Native extension for WindowsStandalone target not found
Refreshing native plugins compatible for Editor in 41.51 ms, found 2 plugins.
Preloading 0 native plugins for Editor in 0.00 ms.
Mono: successfully reloaded assembly
- Completed reload, in  1.997 seconds
Domain Reload Profiling:
	ReloadAssembly (1998ms)
		BeginReloadAssembly (78ms)
			ExecutionOrderSort (0ms)
			DisableScriptedObjects (0ms)
			BackupInstance (0ms)
			ReleaseScriptingObjects (0ms)
			CreateAndSetChildDomain (1ms)
		EndReloadAssembly (612ms)
			LoadAssemblies (73ms)
			RebuildTransferFunctionScriptingTraits (0ms)
			SetupTypeCache (224ms)
			ReleaseScriptCaches (0ms)
			RebuildScriptCaches (48ms)
			SetupLoadedEditorAssemblies (238ms)
				LogAssemblyErrors (0ms)
				InitializePlatformSupportModulesInManaged (5ms)
				SetLoadedEditorAssemblies (0ms)
				RefreshPlugins (42ms)
				BeforeProcessingInitializeOnLoad (23ms)
				ProcessInitializeOnLoadAttributes (128ms)
				ProcessInitializeOnLoadMethodAttributes (39ms)
				AfterProcessingInitializeOnLoad (0ms)
				EditorAssembliesLoaded (0ms)
			ExecutionOrderSort2 (0ms)
			AwakeInstancesAfterBackupRestoration (0ms)
Platform modules already initialized, skipping
Registering precompiled user dll's ...
Registered in 0.006813 seconds.
Begin MonoManager ReloadAssembly
Native extension for WindowsStandalone target not found
Refreshing native plugins compatible for Editor in 0.60 ms, found 2 plugins.
Preloading 0 native plugins for Editor in 0.00 ms.
Mono: successfully reloaded assembly
- Completed reload, in  1.972 seconds
Domain Reload Profiling:
	ReloadAssembly (1974ms)
		BeginReloadAssembly (242ms)
			ExecutionOrderSort (0ms)
			DisableScriptedObjects (8ms)
			BackupInstance (0ms)
			ReleaseScriptingObjects (0ms)
			CreateAndSetChildDomain (35ms)
		EndReloadAssembly (1636ms)
			LoadAssemblies (127ms)
			RebuildTransferFunctionScriptingTraits (0ms)
			SetupTypeCache (556ms)
			ReleaseScriptCaches (0ms)
			RebuildScriptCaches (73ms)
			SetupLoadedEditorAssemblies (724ms)
				LogAssemblyErrors (0ms)
				InitializePlatformSupportModulesInManaged (7ms)
				SetLoadedEditorAssemblies (1ms)
				RefreshPlugins (1ms)
				BeforeProcessingInitializeOnLoad (149ms)
				ProcessInitializeOnLoadAttributes (536ms)
				ProcessInitializeOnLoadMethodAttributes (16ms)
				AfterProcessingInitializeOnLoad (14ms)
				EditorAssembliesLoaded (0ms)
			ExecutionOrderSort2 (0ms)
			AwakeInstancesAfterBackupRestoration (13ms)
Platform modules already initialized, skipping
========================================================================
Worker process is ready to serve import requests
Launched and connected shader compiler UnityShaderCompiler.exe after 0.10 seconds
Refreshing native plugins compatible for Editor in 0.34 ms, found 2 plugins.
Preloading 0 native plugins for Editor in 0.00 ms.
Unloading 1399 Unused Serialized files (Serialized files now loaded: 0)
System memory in use before: 65.9 MB.
System memory in use after: 66.0 MB.

Unloading 19 unused Assets to reduce memory usage. Loaded Objects now: 1832.
Total: 2.834700 ms (FindLiveObjects: 0.188700 ms CreateObjectMapping: 0.062600 ms MarkObjects: 2.462300 ms  DeleteObjects: 0.119600 ms)

AssetImportParameters requested are different than current active one (requested -> active):
  custom:framework-win-MediaFoundation: 216162199b28c13a410421893ffa2e32 -> 
  custom:video-decoder-ogg-theora: a1e56fd34408186e4bbccfd4996cb3dc -> 
  custom:container-muxer-webm: aa71ff27fc2769a1b78a27578f13a17b -> 
  custom:container-demuxer-webm: 4f35f7cbe854078d1ac9338744f61a02 -> 
  custom:container-demuxer-ogg: 62fdf1f143b41e24485cea50d1cbac27 -> 
  custom:video-encoder-webm-vp8: eb34c28f22e8b96e1ab97ce403110664 -> 
  custom:video-decoder-webm-vp8: 9c59270c3fd7afecdb556c50c9e8de78 -> 
  custom:audio-decoder-ogg-vorbis: bf7c407c2cedff20999df2af8eb42d56 -> 
  custom:audio-encoder-webm-vorbis: bf7c407c2cedff20999df2af8eb42d56 -> 
========================================================================
Received Import Request.
  path: Assets/Prefab/pCylinder1.prefab
  artifactKey: Guid(f4c3f677498c5a74bbe4d03f4112cc72) Importer(815301076,1909f56bfc062723c751e8b465ee728b)
Start importing Assets/Prefab/pCylinder1.prefab using Guid(f4c3f677498c5a74bbe4d03f4112cc72) Importer(815301076,1909f56bfc062723c751e8b465ee728b)  -> (artifact id: '55a82cc45c0c5661464c2d147aecd414') in 0.184638 seconds 
  Import took 0.188253 seconds .

========================================================================
Received Import Request.
  Time since last request: 0.000275 seconds.
  path: Assets/Prefab/pCylinder4.prefab
  artifactKey: Guid(223412898787fc4488244c14abe0ed36) Importer(815301076,1909f56bfc062723c751e8b465ee728b)
Start importing Assets/Prefab/pCylinder4.prefab using Guid(223412898787fc4488244c14abe0ed36) Importer(815301076,1909f56bfc062723c751e8b465ee728b)  -> (artifact id: '3ab2a166ac185d7590c11844b313d998') in 0.045326 seconds 
  Import took 0.051179 seconds .

========================================================================
Received Import Request.
  Time since last request: 0.000314 seconds.
  path: Assets/Prefab/pCylinder2.prefab
  artifactKey: Guid(3ca78578478ada0458a67315021ced61) Importer(815301076,1909f56bfc062723c751e8b465ee728b)
Start importing Assets/Prefab/pCylinder2.prefab using Guid(3ca78578478ada0458a67315021ced61) Importer(815301076,1909f56bfc062723c751e8b465ee728b)  -> (artifact id: 'a497a6fb2c3f3f23be8f268ef2eb0861') in 0.036496 seconds 
  Import took 0.044595 seconds .

========================================================================
Received Import Request.
  Time since last request: 0.000429 seconds.
  path: Assets/Prefab/pCylinder3.prefab
  artifactKey: Guid(4700edea968b99a4093abcf2ef8efa4d) Importer(815301076,1909f56bfc062723c751e8b465ee728b)
Start importing Assets/Prefab/pCylinder3.prefab using Guid(4700edea968b99a4093abcf2ef8efa4d) Importer(815301076,1909f56bfc062723c751e8b465ee728b)  -> (artifact id: '041821b6d7480524b4500f42e07275e2') in 0.031606 seconds 
  Import took 0.035329 seconds .

========================================================================
Received Import Request.
  Time since last request: 374.500121 seconds.
  path: Assets/Prefab/pCylinder1.prefab
  artifactKey: Guid(f4c3f677498c5a74bbe4d03f4112cc72) Importer(815301076,1909f56bfc062723c751e8b465ee728b)
Start importing Assets/Prefab/pCylinder1.prefab using Guid(f4c3f677498c5a74bbe4d03f4112cc72) Importer(815301076,1909f56bfc062723c751e8b465ee728b)  -> (artifact id: '21ee98d69d3e0b8ca5d9154949b1ab5c') in 0.030191 seconds 
  Import took 0.034234 seconds .

========================================================================
Received Import Request.
  Time since last request: 2.164189 seconds.
  path: Assets/Prefab/pCylinder2.prefab
  artifactKey: Guid(3ca78578478ada0458a67315021ced61) Importer(815301076,1909f56bfc062723c751e8b465ee728b)
Start importing Assets/Prefab/pCylinder2.prefab using Guid(3ca78578478ada0458a67315021ced61) Importer(815301076,1909f56bfc062723c751e8b465ee728b)  -> (artifact id: 'd7c45913969376122c0d216e26b78ce2') in 0.032973 seconds 
  Import took 0.038065 seconds .

========================================================================
Received Import Request.
  Time since last request: 2.820751 seconds.
  path: Assets/Prefab/pCylinder1.prefab
  artifactKey: Guid(f4c3f677498c5a74bbe4d03f4112cc72) Importer(815301076,1909f56bfc062723c751e8b465ee728b)
Start importing Assets/Prefab/pCylinder1.prefab using Guid(f4c3f677498c5a74bbe4d03f4112cc72) Importer(815301076,1909f56bfc062723c751e8b465ee728b)  -> (artifact id: '635d23fb9523000121c43b6fb5c4faa0') in 0.022078 seconds 
  Import took 0.026503 seconds .

========================================================================
Received Import Request.
  Time since last request: 6.124581 seconds.
  path: Assets/Prefab/pCylinder2.prefab
  artifactKey: Guid(3ca78578478ada0458a67315021ced61) Importer(815301076,1909f56bfc062723c751e8b465ee728b)
Start importing Assets/Prefab/pCylinder2.prefab using Guid(3ca78578478ada0458a67315021ced61) Importer(815301076,1909f56bfc062723c751e8b465ee728b)  -> (artifact id: '8833ef409c83e05d12579e3a2835eda0') in 0.026613 seconds 
  Import took 0.031363 seconds .

========================================================================
Received Import Request.
  Time since last request: 0.000260 seconds.
  path: Assets/Prefab/pCylinder4.prefab
  artifactKey: Guid(223412898787fc4488244c14abe0ed36) Importer(815301076,1909f56bfc062723c751e8b465ee728b)
Start importing Assets/Prefab/pCylinder4.prefab using Guid(223412898787fc4488244c14abe0ed36) Importer(815301076,1909f56bfc062723c751e8b465ee728b)  -> (artifact id: 'dd869c21f4ac3317d9d751f82c68e7cc') in 0.026256 seconds 
  Import took 0.029851 seconds .

========================================================================
Received Import Request.
  Time since last request: 0.000362 seconds.
  path: Assets/Prefab/pCylinder3.prefab
  artifactKey: Guid(4700edea968b99a4093abcf2ef8efa4d) Importer(815301076,1909f56bfc062723c751e8b465ee728b)
Start importing Assets/Prefab/pCylinder3.prefab using Guid(4700edea968b99a4093abcf2ef8efa4d) Importer(815301076,1909f56bfc062723c751e8b465ee728b)  -> (artifact id: '3b8708dcaaee13cde5ed0e983f8f5296') in 0.027964 seconds 
  Import took 0.033204 seconds .

========================================================================
Received Import Request.
  Time since last request: 85.025300 seconds.
  path: Assets/Prefab/pCylinder1.prefab
  artifactKey: Guid(f4c3f677498c5a74bbe4d03f4112cc72) Importer(815301076,1909f56bfc062723c751e8b465ee728b)
Start importing Assets/Prefab/pCylinder1.prefab using Guid(f4c3f677498c5a74bbe4d03f4112cc72) Importer(815301076,1909f56bfc062723c751e8b465ee728b)  -> (artifact id: 'e76768257f4e16c37f4bb94fe125d51c') in 0.029799 seconds 
  Import took 0.035906 seconds .

========================================================================
Received Import Request.
  Time since last request: 0.000288 seconds.
  path: Assets/Prefab/pCylinder4.prefab
  artifactKey: Guid(223412898787fc4488244c14abe0ed36) Importer(815301076,1909f56bfc062723c751e8b465ee728b)
Start importing Assets/Prefab/pCylinder4.prefab using Guid(223412898787fc4488244c14abe0ed36) Importer(815301076,1909f56bfc062723c751e8b465ee728b)  -> (artifact id: '49a61d3481b05364ac9f9cf229f1b155') in 0.037802 seconds 
  Import took 0.042351 seconds .

========================================================================
Received Import Request.
  Time since last request: 0.000309 seconds.
  path: Assets/Prefab/pCylinder2.prefab
  artifactKey: Guid(3ca78578478ada0458a67315021ced61) Importer(815301076,1909f56bfc062723c751e8b465ee728b)
Start importing Assets/Prefab/pCylinder2.prefab using Guid(3ca78578478ada0458a67315021ced61) Importer(815301076,1909f56bfc062723c751e8b465ee728b)  -> (artifact id: '9abe6e6df7cf9f4cfbbf817da87ed1d1') in 0.025164 seconds 
  Import took 0.028641 seconds .

========================================================================
Received Import Request.
  Time since last request: 0.000095 seconds.
  path: Assets/Prefab/pCylinder3.prefab
  artifactKey: Guid(4700edea968b99a4093abcf2ef8efa4d) Importer(815301076,1909f56bfc062723c751e8b465ee728b)
Start importing Assets/Prefab/pCylinder3.prefab using Guid(4700edea968b99a4093abcf2ef8efa4d) Importer(815301076,1909f56bfc062723c751e8b465ee728b)  -> (artifact id: '6b2fede814aad043225d35b76d20b370') in 0.036244 seconds 
  Import took 0.041237 seconds .

========================================================================
Received Import Request.
  Time since last request: 6.812570 seconds.
  path: Assets/Prefab/pCylinder1.prefab
  artifactKey: Guid(f4c3f677498c5a74bbe4d03f4112cc72) Importer(815301076,1909f56bfc062723c751e8b465ee728b)
Start importing Assets/Prefab/pCylinder1.prefab using Guid(f4c3f677498c5a74bbe4d03f4112cc72) Importer(815301076,1909f56bfc062723c751e8b465ee728b)  -> (artifact id: '582bb44a5e0c0370c66a770c799fe244') in 0.021784 seconds 
  Import took 0.025798 seconds .

========================================================================
Received Import Request.
  Time since last request: 0.000308 seconds.
  path: Assets/Prefab/pCylinder4.prefab
  artifactKey: Guid(223412898787fc4488244c14abe0ed36) Importer(815301076,1909f56bfc062723c751e8b465ee728b)
Start importing Assets/Prefab/pCylinder4.prefab using Guid(223412898787fc4488244c14abe0ed36) Importer(815301076,1909f56bfc062723c751e8b465ee728b)  -> (artifact id: '72235123f6ae3dd4fbbbfb04b0833813') in 0.027232 seconds 
  Import took 0.031956 seconds .

========================================================================
Received Import Request.
  Time since last request: 0.000264 seconds.
  path: Assets/Prefab/pCylinder2.prefab
  artifactKey: Guid(3ca78578478ada0458a67315021ced61) Importer(815301076,1909f56bfc062723c751e8b465ee728b)
Start importing Assets/Prefab/pCylinder2.prefab using Guid(3ca78578478ada0458a67315021ced61) Importer(815301076,1909f56bfc062723c751e8b465ee728b)  -> (artifact id: '34b92050068f19165b3414c2f075ae14') in 0.030332 seconds 
  Import took 0.035471 seconds .

========================================================================
Received Import Request.
  Time since last request: 0.000755 seconds.
  path: Assets/Prefab/pCylinder3.prefab
  artifactKey: Guid(4700edea968b99a4093abcf2ef8efa4d) Importer(815301076,1909f56bfc062723c751e8b465ee728b)
Start importing Assets/Prefab/pCylinder3.prefab using Guid(4700edea968b99a4093abcf2ef8efa4d) Importer(815301076,1909f56bfc062723c751e8b465ee728b)  -> (artifact id: '2ad57206e95f831e03e163b536062d39') in 0.054613 seconds 
  Import took 0.060963 seconds .

========================================================================
Received Prepare
Registering precompiled user dll's ...
Registered in 0.006541 seconds.
Begin MonoManager ReloadAssembly
Native extension for WindowsStandalone target not found
Refreshing native plugins compatible for Editor in 0.41 ms, found 2 plugins.
Preloading 0 native plugins for Editor in 0.00 ms.
Mono: successfully reloaded assembly
- Completed reload, in  1.792 seconds
Domain Reload Profiling:
	ReloadAssembly (1793ms)
		BeginReloadAssembly (171ms)
			ExecutionOrderSort (0ms)
			DisableScriptedObjects (6ms)
			BackupInstance (0ms)
			ReleaseScriptingObjects (0ms)
			CreateAndSetChildDomain (43ms)
		EndReloadAssembly (1522ms)
			LoadAssemblies (141ms)
			RebuildTransferFunctionScriptingTraits (0ms)
			SetupTypeCache (587ms)
			ReleaseScriptCaches (1ms)
			RebuildScriptCaches (54ms)
			SetupLoadedEditorAssemblies (595ms)
				LogAssemblyErrors (0ms)
				InitializePlatformSupportModulesInManaged (7ms)
				SetLoadedEditorAssemblies (1ms)
				RefreshPlugins (0ms)
				BeforeProcessingInitializeOnLoad (131ms)
				ProcessInitializeOnLoadAttributes (440ms)
				ProcessInitializeOnLoadMethodAttributes (6ms)
				AfterProcessingInitializeOnLoad (10ms)
				EditorAssembliesLoaded (0ms)
			ExecutionOrderSort2 (0ms)
			AwakeInstancesAfterBackupRestoration (9ms)
Platform modules already initialized, skipping
Refreshing native plugins compatible for Editor in 0.39 ms, found 2 plugins.
Preloading 0 native plugins for Editor in 0.00 ms.
Unloading 1394 Unused Serialized files (Serialized files now loaded: 0)
System memory in use before: 69.0 MB.
System memory in use after: 69.1 MB.

Unloading 14 unused Assets to reduce memory usage. Loaded Objects now: 1842.
Total: 3.882400 ms (FindLiveObjects: 0.184700 ms CreateObjectMapping: 0.059300 ms MarkObjects: 3.551200 ms  DeleteObjects: 0.085600 ms)

AssetImportParameters requested are different than current active one (requested -> active):
  custom:framework-win-MediaFoundation: 216162199b28c13a410421893ffa2e32 -> 
  custom:video-decoder-ogg-theora: a1e56fd34408186e4bbccfd4996cb3dc -> 
  custom:container-muxer-webm: aa71ff27fc2769a1b78a27578f13a17b -> 
  custom:container-demuxer-webm: 4f35f7cbe854078d1ac9338744f61a02 -> 
  custom:container-demuxer-ogg: 62fdf1f143b41e24485cea50d1cbac27 -> 
  custom:video-encoder-webm-vp8: eb34c28f22e8b96e1ab97ce403110664 -> 
  custom:video-decoder-webm-vp8: 9c59270c3fd7afecdb556c50c9e8de78 -> 
  custom:audio-decoder-ogg-vorbis: bf7c407c2cedff20999df2af8eb42d56 -> 
  custom:audio-encoder-webm-vorbis: bf7c407c2cedff20999df2af8eb42d56 -> 
========================================================================
Received Import Request.
  Time since last request: 221.712699 seconds.
  path: Assets/Prefab/pCylinder1.prefab
  artifactKey: Guid(f4c3f677498c5a74bbe4d03f4112cc72) Importer(815301076,1909f56bfc062723c751e8b465ee728b)
Start importing Assets/Prefab/pCylinder1.prefab using Guid(f4c3f677498c5a74bbe4d03f4112cc72) Importer(815301076,1909f56bfc062723c751e8b465ee728b)  -> (artifact id: '8827c3b48555258137bd3d8696368e16') in 0.083188 seconds 
  Import took 0.086384 seconds .

========================================================================
Received Import Request.
  Time since last request: 0.000289 seconds.
  path: Assets/Prefab/pCylinder4.prefab
  artifactKey: Guid(223412898787fc4488244c14abe0ed36) Importer(815301076,1909f56bfc062723c751e8b465ee728b)
Start importing Assets/Prefab/pCylinder4.prefab using Guid(223412898787fc4488244c14abe0ed36) Importer(815301076,1909f56bfc062723c751e8b465ee728b)  -> (artifact id: 'f572a25314cb78f481698cd948b13e0f') in 0.023082 seconds 
  Import took 0.027728 seconds .

========================================================================
Received Import Request.
  Time since last request: 0.000473 seconds.
  path: Assets/Prefab/pCylinder2.prefab
  artifactKey: Guid(3ca78578478ada0458a67315021ced61) Importer(815301076,1909f56bfc062723c751e8b465ee728b)
Start importing Assets/Prefab/pCylinder2.prefab using Guid(3ca78578478ada0458a67315021ced61) Importer(815301076,1909f56bfc062723c751e8b465ee728b)  -> (artifact id: 'b8954e615a91ee427ea0dde05e843008') in 0.023373 seconds 
  Import took 0.028002 seconds .

========================================================================
Received Import Request.
  Time since last request: 0.000288 seconds.
  path: Assets/Prefab/pCylinder3.prefab
  artifactKey: Guid(4700edea968b99a4093abcf2ef8efa4d) Importer(815301076,1909f56bfc062723c751e8b465ee728b)
Start importing Assets/Prefab/pCylinder3.prefab using Guid(4700edea968b99a4093abcf2ef8efa4d) Importer(815301076,1909f56bfc062723c751e8b465ee728b)  -> (artifact id: '2e7c1239a72023d2c8b925b6e86585e1') in 0.024763 seconds 
  Import took 0.029448 seconds .

========================================================================
Received Prepare
Registering precompiled user dll's ...
Registered in 0.005964 seconds.
Begin MonoManager ReloadAssembly
Native extension for WindowsStandalone target not found
Refreshing native plugins compatible for Editor in 0.40 ms, found 2 plugins.
Preloading 0 native plugins for Editor in 0.00 ms.
Mono: successfully reloaded assembly
- Completed reload, in  2.045 seconds
Domain Reload Profiling:
	ReloadAssembly (2045ms)
		BeginReloadAssembly (151ms)
			ExecutionOrderSort (0ms)
			DisableScriptedObjects (6ms)
			BackupInstance (0ms)
			ReleaseScriptingObjects (0ms)
			CreateAndSetChildDomain (42ms)
		EndReloadAssembly (1795ms)
			LoadAssemblies (124ms)
			RebuildTransferFunctionScriptingTraits (0ms)
			SetupTypeCache (719ms)
			ReleaseScriptCaches (1ms)
			RebuildScriptCaches (59ms)
			SetupLoadedEditorAssemblies (704ms)
				LogAssemblyErrors (0ms)
				InitializePlatformSupportModulesInManaged (8ms)
				SetLoadedEditorAssemblies (2ms)
				RefreshPlugins (1ms)
				BeforeProcessingInitializeOnLoad (143ms)
				ProcessInitializeOnLoadAttributes (529ms)
				ProcessInitializeOnLoadMethodAttributes (6ms)
				AfterProcessingInitializeOnLoad (17ms)
				EditorAssembliesLoaded (0ms)
			ExecutionOrderSort2 (0ms)
			AwakeInstancesAfterBackupRestoration (13ms)
Platform modules already initialized, skipping
Refreshing native plugins compatible for Editor in 0.41 ms, found 2 plugins.
Preloading 0 native plugins for Editor in 0.00 ms.
Unloading 1394 Unused Serialized files (Serialized files now loaded: 0)
System memory in use before: 69.0 MB.
System memory in use after: 69.1 MB.

Unloading 14 unused Assets to reduce memory usage. Loaded Objects now: 1846.
Total: 3.574100 ms (FindLiveObjects: 0.176600 ms CreateObjectMapping: 0.049900 ms MarkObjects: 3.218300 ms  DeleteObjects: 0.127600 ms)

AssetImportParameters requested are different than current active one (requested -> active):
  custom:framework-win-MediaFoundation: 216162199b28c13a410421893ffa2e32 -> 
  custom:video-decoder-ogg-theora: a1e56fd34408186e4bbccfd4996cb3dc -> 
  custom:container-muxer-webm: aa71ff27fc2769a1b78a27578f13a17b -> 
  custom:container-demuxer-webm: 4f35f7cbe854078d1ac9338744f61a02 -> 
  custom:container-demuxer-ogg: 62fdf1f143b41e24485cea50d1cbac27 -> 
  custom:video-encoder-webm-vp8: eb34c28f22e8b96e1ab97ce403110664 -> 
  custom:video-decoder-webm-vp8: 9c59270c3fd7afecdb556c50c9e8de78 -> 
  custom:audio-decoder-ogg-vorbis: bf7c407c2cedff20999df2af8eb42d56 -> 
  custom:audio-encoder-webm-vorbis: bf7c407c2cedff20999df2af8eb42d56 -> 
========================================================================
Received Prepare
Registering precompiled user dll's ...
Registered in 0.006001 seconds.
Begin MonoManager ReloadAssembly
Native extension for WindowsStandalone target not found
Refreshing native plugins compatible for Editor in 1.15 ms, found 2 plugins.
Preloading 0 native plugins for Editor in 0.00 ms.
Mono: successfully reloaded assembly
- Completed reload, in  2.457 seconds
Domain Reload Profiling:
	ReloadAssembly (2459ms)
		BeginReloadAssembly (220ms)
			ExecutionOrderSort (0ms)
			DisableScriptedObjects (10ms)
			BackupInstance (0ms)
			ReleaseScriptingObjects (0ms)
			CreateAndSetChildDomain (61ms)
		EndReloadAssembly (2078ms)
			LoadAssemblies (233ms)
			RebuildTransferFunctionScriptingTraits (0ms)
			SetupTypeCache (624ms)
			ReleaseScriptCaches (1ms)
			RebuildScriptCaches (98ms)
			SetupLoadedEditorAssemblies (904ms)
				LogAssemblyErrors (0ms)
				InitializePlatformSupportModulesInManaged (10ms)
				SetLoadedEditorAssemblies (2ms)
				RefreshPlugins (1ms)
				BeforeProcessingInitializeOnLoad (203ms)
				ProcessInitializeOnLoadAttributes (665ms)
				ProcessInitializeOnLoadMethodAttributes (9ms)
				AfterProcessingInitializeOnLoad (14ms)
				EditorAssembliesLoaded (0ms)
			ExecutionOrderSort2 (0ms)
			AwakeInstancesAfterBackupRestoration (15ms)
Platform modules already initialized, skipping
Refreshing native plugins compatible for Editor in 0.38 ms, found 2 plugins.
Preloading 0 native plugins for Editor in 0.00 ms.
Unloading 1394 Unused Serialized files (Serialized files now loaded: 0)
System memory in use before: 69.1 MB.
System memory in use after: 69.1 MB.

Unloading 14 unused Assets to reduce memory usage. Loaded Objects now: 1849.
Total: 3.965000 ms (FindLiveObjects: 0.219000 ms CreateObjectMapping: 0.087800 ms MarkObjects: 3.535800 ms  DeleteObjects: 0.120300 ms)

AssetImportParameters requested are different than current active one (requested -> active):
  custom:framework-win-MediaFoundation: 216162199b28c13a410421893ffa2e32 -> 
  custom:video-decoder-ogg-theora: a1e56fd34408186e4bbccfd4996cb3dc -> 
  custom:container-muxer-webm: aa71ff27fc2769a1b78a27578f13a17b -> 
  custom:container-demuxer-webm: 4f35f7cbe854078d1ac9338744f61a02 -> 
  custom:container-demuxer-ogg: 62fdf1f143b41e24485cea50d1cbac27 -> 
  custom:video-encoder-webm-vp8: eb34c28f22e8b96e1ab97ce403110664 -> 
  custom:video-decoder-webm-vp8: 9c59270c3fd7afecdb556c50c9e8de78 -> 
  custom:audio-decoder-ogg-vorbis: bf7c407c2cedff20999df2af8eb42d56 -> 
  custom:audio-encoder-webm-vorbis: bf7c407c2cedff20999df2af8eb42d56 -> 
AssetImportWorkerClient::OnTransportError - code=2 error=End of file
